[0m16:46:11.329917 [debug] [MainThread]: Sending event: {'category': 'dbt', 'action': 'invocation', 'label': 'start', 'context': [<snowplow_tracker.self_describing_json.SelfDescribingJson object at 0x000001947D7DBDC0>, <snowplow_tracker.self_describing_json.SelfDescribingJson object at 0x000001940033A320>, <snowplow_tracker.self_describing_json.SelfDescribingJson object at 0x000001940033A140>]}


============================== 16:46:11.336918 | 64d9e105-187d-4026-b024-ee231f0bbc4b ==============================
[0m16:46:11.336918 [info ] [MainThread]: Running with dbt=1.7.9
[0m16:46:11.337919 [debug] [MainThread]: running dbt with arguments {'printer_width': '80', 'indirect_selection': 'eager', 'write_json': 'True', 'log_cache_events': 'False', 'partial_parse': 'True', 'cache_selected_only': 'False', 'warn_error': 'None', 'version_check': 'True', 'debug': 'False', 'log_path': 'logs', 'fail_fast': 'False', 'profiles_dir': 'C:\\Users\\AshmithaLaxmi\\.dbt', 'use_colors': 'True', 'use_experimental_parser': 'False', 'no_print': 'None', 'quiet': 'False', 'warn_error_options': 'WarnErrorOptions(include=[], exclude=[])', 'invocation_command': 'dbt init skill_data_eng', 'static_parser': 'True', 'introspect': 'True', 'target_path': 'None', 'log_format': 'default', 'send_anonymous_usage_stats': 'True'}
[0m16:46:11.341918 [debug] [MainThread]: Starter project path: C:\Users\AshmithaLaxmi\AppData\Local\Programs\Python\Python310\lib\site-packages\dbt\include\starter_project
[0m16:46:11.419918 [info ] [MainThread]: 
Your new dbt project "skill_data_eng" was created!

For more information on how to configure the profiles.yml file,
please consult the dbt documentation here:

  https://docs.getdbt.com/docs/configure-your-profile

One more thing:

Need help? Don't hesitate to reach out to us via GitHub issues or on Slack:

  https://community.getdbt.com/

Happy modeling!

[0m16:46:11.422918 [info ] [MainThread]: Setting up your profile.
[0m16:47:29.363122 [info ] [MainThread]: Profile skill_data_eng written to C:\Users\AshmithaLaxmi\.dbt\profiles.yml using target's profile_template.yml and your supplied values. Run 'dbt debug' to validate the connection.
[0m16:47:29.366125 [debug] [MainThread]: Command `dbt init` succeeded at 16:47:29.366125 after 78.14 seconds
[0m16:47:29.367137 [debug] [MainThread]: Sending event: {'category': 'dbt', 'action': 'invocation', 'label': 'end', 'context': [<snowplow_tracker.self_describing_json.SelfDescribingJson object at 0x000001947D7DBDC0>, <snowplow_tracker.self_describing_json.SelfDescribingJson object at 0x000001940033AF50>, <snowplow_tracker.self_describing_json.SelfDescribingJson object at 0x000001940033A3B0>]}
[0m16:47:29.367137 [debug] [MainThread]: Flushing usage events
[0m17:37:40.718610 [debug] [MainThread]: Sending event: {'category': 'dbt', 'action': 'invocation', 'label': 'start', 'context': [<snowplow_tracker.self_describing_json.SelfDescribingJson object at 0x0000022AD984D510>, <snowplow_tracker.self_describing_json.SelfDescribingJson object at 0x0000022ADC2D2380>, <snowplow_tracker.self_describing_json.SelfDescribingJson object at 0x0000022ADC2D21A0>]}


============================== 17:37:40.726609 | 27ef6709-c26c-48d8-901f-eab8cb87315d ==============================
[0m17:37:40.726609 [info ] [MainThread]: Running with dbt=1.7.9
[0m17:37:40.726609 [debug] [MainThread]: running dbt with arguments {'printer_width': '80', 'indirect_selection': 'eager', 'write_json': 'True', 'log_cache_events': 'False', 'partial_parse': 'True', 'cache_selected_only': 'False', 'warn_error': 'None', 'version_check': 'True', 'debug': 'False', 'log_path': 'logs', 'profiles_dir': 'C:\\Users\\AshmithaLaxmi\\.dbt', 'fail_fast': 'False', 'use_colors': 'True', 'use_experimental_parser': 'False', 'no_print': 'None', 'quiet': 'False', 'warn_error_options': 'WarnErrorOptions(include=[], exclude=[])', 'introspect': 'True', 'static_parser': 'True', 'invocation_command': 'dbt run', 'target_path': 'None', 'log_format': 'default', 'send_anonymous_usage_stats': 'True'}
[0m17:37:40.727631 [error] [MainThread]: Encountered an error:
Runtime Error
  No dbt_project.yml found at expected path C:\Users\AshmithaLaxmi\Downloads\TS_Ash_SM\ProjectAA\dbt_project.yml
  Verify that each entry within packages.yml (and their transitive dependencies) contains a file named dbt_project.yml
  
[0m17:37:40.729629 [debug] [MainThread]: Command `dbt run` failed at 17:37:40.729629 after 0.11 seconds
[0m17:37:40.729629 [debug] [MainThread]: Sending event: {'category': 'dbt', 'action': 'invocation', 'label': 'end', 'context': [<snowplow_tracker.self_describing_json.SelfDescribingJson object at 0x0000022AD984D510>, <snowplow_tracker.self_describing_json.SelfDescribingJson object at 0x0000022ADC2D2320>, <snowplow_tracker.self_describing_json.SelfDescribingJson object at 0x0000022ADC2D2410>]}
[0m17:37:40.730629 [debug] [MainThread]: Flushing usage events
